mode: set
github.com/rootservices/auth/auth.go:14.29,18.2 1 1
github.com/rootservices/auth/auth.go:28.101,34.2 1 1
github.com/rootservices/auth/auth.go:36.69,38.2 1 1
github.com/rootservices/auth/internal/validate/factory.go:19.112,20.23 1 1
github.com/rootservices/auth/internal/validate/factory.go:21.27,22.40 1 1
github.com/rootservices/auth/internal/validate/factory.go:23.29,24.28 1 1
github.com/rootservices/auth/internal/validate/factory.go:24.28,26.4 1 1
github.com/rootservices/auth/internal/validate/factory.go:27.3,27.56 1 1
github.com/rootservices/auth/internal/validate/factory.go:28.10,29.74 1 1
github.com/rootservices/auth/internal/validate/firebase.go:23.83,27.2 1 1
github.com/rootservices/auth/internal/validate/firebase.go:30.112,31.17 1 1
github.com/rootservices/auth/internal/validate/firebase.go:31.17,33.3 1 1
github.com/rootservices/auth/internal/validate/firebase.go:35.2,36.16 2 1
github.com/rootservices/auth/internal/validate/firebase.go:36.16,38.3 1 1
github.com/rootservices/auth/internal/validate/firebase.go:46.2,59.54 2 1
github.com/rootservices/auth/internal/validate/firebase.go:59.54,61.3 1 1
github.com/rootservices/auth/internal/validate/firebase.go:63.2,63.21 1 1
github.com/rootservices/auth/internal/validate/google.go:17.54,21.2 1 1
github.com/rootservices/auth/internal/validate/google.go:24.118,25.17 1 1
github.com/rootservices/auth/internal/validate/google.go:25.17,27.3 1 1
github.com/rootservices/auth/internal/validate/google.go:28.2,29.16 2 1
github.com/rootservices/auth/internal/validate/google.go:29.16,31.3 1 1
github.com/rootservices/auth/internal/validate/google.go:32.2,32.21 1 1
